Test (2A): initial election ...
holdleader: 2 term: 1
  ................................................................... Passed --   3.0  3   76   19518    0
Test (2A): election after network failure ...
checkOneLeader
holdleader: 1 term: 2
  test disco 1
holdleader: 2 term: 3
  test co 1
  test disco 2
  test disco 0
  test co 0
--- FAIL: TestReElection2A (8.87s)
    config.go:400: expected one leader, got none
Test (2A): multiple elections ...
holdleader: 5 term: 2
holdleader: 5 term: 4
  ................................................................... Passed --   2.1  7  198   40750    0
FAIL
exit status 1
FAIL	6.824/raft	13.959s
