Test (2B): basic agreement ...
holdleader: 0 term: 1
holdleader: 1 term: 2
  ................................................................... Passed --   8.5  3  414  113687  100
Test (2B): RPC byte count ...
holdleader: 1 term: 2
  ................................................................... Passed --   1.5  3   56  114442   11
Test (2B): agreement despite follower disconnection ...
holdleader: 0 term: 1
___cfg.disconnect((leader + 1) % servers) 1
________________________________________cfg.connect((leader + 1) % servers) 1
holdleader: 0 term: 3
  ................................................................... Passed --   5.2  3  150   37882    8
Test (2B): no agreement if too many followers disconnect ...
holdleader: 3 term: 2

************************************ disco 4 0 1


************************************ co 4 0 1

holdleader: 3 term: 4
  ................................................................... Passed --   3.4  5  204   44644    3
Test (2B): concurrent Start()s ...
holdleader: 2 term: 1
  ................................................................... Passed --   0.6  3   26    6616    6
Test (2B): rejoin of partitioned leader ...
holdleader: 2 term: 1
holdleader: 1 term: 2
--- FAIL: TestRejoin2B (0.31s)
panic: runtime error: invalid memory address or nil pointer dereference [recovered]
	panic: runtime error: invalid memory address or nil pointer dereference
[signal SIGSEGV: segmentation violation code=0x1 addr=0x18 pc=0x5c1c16]

goroutine 2316 [running]:
testing.tRunner.func1.2({0x5ee880, 0x79d2c0})
	/home/pa/Desktop/go/src/testing/testing.go:1396 +0x24e
testing.tRunner.func1()
	/home/pa/Desktop/go/src/testing/testing.go:1399 +0x39f
panic({0x5ee880, 0x79d2c0})
	/home/pa/Desktop/go/src/runtime/panic.go:884 +0x212
6.824/raft.(*Raft).StartAgreement(...)
	/home/pa/Desktop/prj/mit_6.824_learning/6824labcode/src/raft/raft.go:858
6.824/raft.(*Raft).Start(0xc000171ba0, {0x5e10e0?, 0x66ded8})
	/home/pa/Desktop/prj/mit_6.824_learning/6824labcode/src/raft/raft.go:903 +0x256
6.824/raft.(*config).one(0xc000388000, {0x5e10e0?, 0x66ded8}, 0x3, 0x1)
	/home/pa/Desktop/prj/mit_6.824_learning/6824labcode/src/raft/config.go:515 +0x2e5
6.824/raft.TestRejoin2B(0x671d40?)
	/home/pa/Desktop/prj/mit_6.824_learning/6824labcode/src/raft/test_test.go:397 +0x95
testing.tRunner(0xc0003c64e0, 0x632520)
	/home/pa/Desktop/go/src/testing/testing.go:1446 +0x10b
created by testing.(*T).Run
	/home/pa/Desktop/go/src/testing/testing.go:1493 +0x35f
exit status 2
FAIL	6.824/raft	19.525s
