Test (2B): basic agreement ...
holdleader: 1 term: 1
  ................................................................... Passed --   8.5  3  408  112355  100
Test (2B): RPC byte count ...
holdleader: 2 term: 1
holdleader: 1 term: 2
--- FAIL: TestRPCBytes2B (0.30s)
panic: runtime error: invalid memory address or nil pointer dereference [recovered]
	panic: runtime error: invalid memory address or nil pointer dereference
[signal SIGSEGV: segmentation violation code=0x1 addr=0x18 pc=0x5c1c16]

goroutine 1052 [running]:
testing.tRunner.func1.2({0x5ee880, 0x79d2c0})
	/home/pa/Desktop/go/src/testing/testing.go:1396 +0x24e
testing.tRunner.func1()
	/home/pa/Desktop/go/src/testing/testing.go:1399 +0x39f
panic({0x5ee880, 0x79d2c0})
	/home/pa/Desktop/go/src/runtime/panic.go:884 +0x212
6.824/raft.(*Raft).StartAgreement(...)
	/home/pa/Desktop/prj/mit_6.824_learning/6824labcode/src/raft/raft.go:858
6.824/raft.(*Raft).Start(0xc00015ea90, {0x5e10e0?, 0x66dec8})
	/home/pa/Desktop/prj/mit_6.824_learning/6824labcode/src/raft/raft.go:903 +0x256
6.824/raft.(*config).one(0xc0000cc000, {0x5e10e0?, 0x66dec8}, 0x3, 0x0)
	/home/pa/Desktop/prj/mit_6.824_learning/6824labcode/src/raft/config.go:515 +0x2e5
6.824/raft.TestRPCBytes2B(0xc00014dd40)
	/home/pa/Desktop/prj/mit_6.824_learning/6824labcode/src/raft/test_test.go:168 +0xae
testing.tRunner(0xc00014dd40, 0x632510)
	/home/pa/Desktop/go/src/testing/testing.go:1446 +0x10b
created by testing.(*T).Run
	/home/pa/Desktop/go/src/testing/testing.go:1493 +0x35f
exit status 2
FAIL	6.824/raft	8.806s
